[Sat Aug 24 04:05:45.368643 2019] [core:warn] [pid 54] AH00098: pid file /var/run/apache2/apache2.pid overwritten -- Unclean shutdown of previous Apache run?
[Sat Aug 24 04:05:45.374785 2019] [mpm_prefork:notice] [pid 54] AH00163: Apache/2.4.18 (Ubuntu) OpenSSL/1.0.2g configured -- resuming normal operations
[Sat Aug 24 04:05:45.374827 2019] [core:notice] [pid 54] AH00094: Command line: '/usr/sbin/apache2'
[Sat Aug 24 04:32:17.872931 2019] [core:warn] [pid 50] AH00098: pid file /var/run/apache2/apache2.pid overwritten -- Unclean shutdown of previous Apache run?
[Sat Aug 24 04:32:17.881924 2019] [mpm_prefork:notice] [pid 50] AH00163: Apache/2.4.18 (Ubuntu) OpenSSL/1.0.2g configured -- resuming normal operations
[Sat Aug 24 04:32:17.881986 2019] [core:notice] [pid 50] AH00094: Command line: '/usr/sbin/apache2'
[Sat Aug 24 04:52:41.923472 2019] [core:warn] [pid 50] AH00098: pid file /var/run/apache2/apache2.pid overwritten -- Unclean shutdown of previous Apache run?
[Sat Aug 24 04:52:41.928785 2019] [mpm_prefork:notice] [pid 50] AH00163: Apache/2.4.18 (Ubuntu) OpenSSL/1.0.2g configured -- resuming normal operations
[Sat Aug 24 04:52:41.928826 2019] [core:notice] [pid 50] AH00094: Command line: '/usr/sbin/apache2'
[Sat Aug 24 05:04:01.782810 2019] [core:warn] [pid 50] AH00098: pid file /var/run/apache2/apache2.pid overwritten -- Unclean shutdown of previous Apache run?
[Sat Aug 24 05:04:01.787826 2019] [mpm_prefork:notice] [pid 50] AH00163: Apache/2.4.18 (Ubuntu) OpenSSL/1.0.2g configured -- resuming normal operations
[Sat Aug 24 05:04:01.787874 2019] [core:notice] [pid 50] AH00094: Command line: '/usr/sbin/apache2'
[Sat Aug 24 05:05:44.287673 2019] [core:warn] [pid 51] AH00098: pid file /var/run/apache2/apache2.pid overwritten -- Unclean shutdown of previous Apache run?
[Sat Aug 24 05:05:44.291445 2019] [mpm_prefork:notice] [pid 51] AH00163: Apache/2.4.18 (Ubuntu) OpenSSL/1.0.2g configured -- resuming normal operations
[Sat Aug 24 05:05:44.291482 2019] [core:notice] [pid 51] AH00094: Command line: '/usr/sbin/apache2'
[Sat Aug 24 05:19:51.976006 2019] [core:warn] [pid 53] AH00098: pid file /var/run/apache2/apache2.pid overwritten -- Unclean shutdown of previous Apache run?
[Sat Aug 24 05:19:51.981476 2019] [mpm_prefork:notice] [pid 53] AH00163: Apache/2.4.18 (Ubuntu) OpenSSL/1.0.2g configured -- resuming normal operations
[Sat Aug 24 05:19:51.981517 2019] [core:notice] [pid 53] AH00094: Command line: '/usr/sbin/apache2'
[Sat Aug 24 05:36:39.219926 2019] [core:warn] [pid 50] AH00098: pid file /var/run/apache2/apache2.pid overwritten -- Unclean shutdown of previous Apache run?
[Sat Aug 24 05:36:39.224331 2019] [mpm_prefork:notice] [pid 50] AH00163: Apache/2.4.18 (Ubuntu) OpenSSL/1.0.2g configured -- resuming normal operations
[Sat Aug 24 05:36:39.224367 2019] [core:notice] [pid 50] AH00094: Command line: '/usr/sbin/apache2'
[Sun Aug 25 01:13:53.500867 2019] [core:warn] [pid 39] AH00098: pid file /var/run/apache2/apache2.pid overwritten -- Unclean shutdown of previous Apache run?
[Sun Aug 25 01:13:53.505322 2019] [mpm_prefork:notice] [pid 39] AH00163: Apache/2.4.18 (Ubuntu) OpenSSL/1.0.2g configured -- resuming normal operations
[Sun Aug 25 01:13:53.505360 2019] [core:notice] [pid 39] AH00094: Command line: '/usr/sbin/apache2'
[Sun Aug 25 01:34:02.835201 2019] [core:warn] [pid 51] AH00098: pid file /var/run/apache2/apache2.pid overwritten -- Unclean shutdown of previous Apache run?
[Sun Aug 25 01:34:02.839669 2019] [mpm_prefork:notice] [pid 51] AH00163: Apache/2.4.18 (Ubuntu) OpenSSL/1.0.2g configured -- resuming normal operations
[Sun Aug 25 01:34:02.839710 2019] [core:notice] [pid 51] AH00094: Command line: '/usr/sbin/apache2'
